<?xml version="1.0" encoding="UTF-8"?>
<testsuite xmlns:xsi="http://www.w3.org/2001/XMLSchema-instance" xsi:noNamespaceSchemaLocation="https://maven.apache.org/surefire/maven-surefire-plugin/xsd/surefire-test-report-3.0.xsd" version="3.0" name="org.csystem.scheduler.CountDownSchedulerTimeUnitConstructorTest" time="0.001" tests="1" errors="0" skipped="1" failures="0">
  <properties>
    <property name="java.specification.version" value="17"/>
    <property name="sun.cpu.isalist" value="amd64"/>
    <property name="sun.jnu.encoding" value="Cp1252"/>
    <property name="java.class.path" value="C:\Users\Karans\Dropbox\CSD\Kurslar\JavaApp1-Mar-2023\src\Libraries\JavaLibs\SchedulerLib\target\test-classes;C:\Users\Karans\Dropbox\CSD\Kurslar\JavaApp1-Mar-2023\src\Libraries\JavaLibs\SchedulerLib\target\classes;C:\Users\Karans\.m2\repository\org\csystem\org-csystem-util\17.0.0\org-csystem-util-17.0.0.jar;C:\Users\Karans\.m2\repository\junit\junit\4.13.2\junit-4.13.2.jar;C:\Users\Karans\.m2\repository\org\hamcrest\hamcrest-core\2.2\hamcrest-core-2.2.jar;C:\Users\Karans\.m2\repository\org\hamcrest\hamcrest\2.2\hamcrest-2.2.jar;"/>
    <property name="java.vm.vendor" value="Oracle Corporation"/>
    <property name="sun.arch.data.model" value="64"/>
    <property name="user.variant" value=""/>
    <property name="java.vendor.url" value="https://java.oracle.com/"/>
    <property name="user.timezone" value="Europe/Istanbul"/>
    <property name="os.name" value="Windows 10"/>
    <property name="java.vm.specification.version" value="17"/>
    <property name="sun.java.launcher" value="SUN_STANDARD"/>
    <property name="user.country" value="US"/>
    <property name="sun.boot.library.path" value="C:\Program Files\Java\jdk-17.0.1\bin"/>
    <property name="sun.java.command" value="C:\Users\Karans\AppData\Local\Temp\surefire899440261578347057\surefirebooter-20230727121731889_3.jar C:\Users\Karans\AppData\Local\Temp\surefire899440261578347057 2023-07-27T12-17-31_533-jvmRun1 surefire-20230727121731889_1tmp surefire_0-20230727121731889_2tmp"/>
    <property name="jdk.debug" value="release"/>
    <property name="surefire.test.class.path" value="C:\Users\Karans\Dropbox\CSD\Kurslar\JavaApp1-Mar-2023\src\Libraries\JavaLibs\SchedulerLib\target\test-classes;C:\Users\Karans\Dropbox\CSD\Kurslar\JavaApp1-Mar-2023\src\Libraries\JavaLibs\SchedulerLib\target\classes;C:\Users\Karans\.m2\repository\org\csystem\org-csystem-util\17.0.0\org-csystem-util-17.0.0.jar;C:\Users\Karans\.m2\repository\junit\junit\4.13.2\junit-4.13.2.jar;C:\Users\Karans\.m2\repository\org\hamcrest\hamcrest-core\2.2\hamcrest-core-2.2.jar;C:\Users\Karans\.m2\repository\org\hamcrest\hamcrest\2.2\hamcrest-2.2.jar;"/>
    <property name="sun.cpu.endian" value="little"/>
    <property name="user.home" value="C:\Users\Karans"/>
    <property name="user.language" value="en"/>
    <property name="java.specification.vendor" value="Oracle Corporation"/>
    <property name="java.version.date" value="2021-10-19"/>
    <property name="java.home" value="C:\Program Files\Java\jdk-17.0.1"/>
    <property name="file.separator" value="\"/>
    <property name="basedir" value="C:\Users\Karans\Dropbox\CSD\Kurslar\JavaApp1-Mar-2023\src\Libraries\JavaLibs\SchedulerLib"/>
    <property name="java.vm.compressedOopsMode" value="Zero based"/>
    <property name="line.separator" value="&#10;"/>
    <property name="java.vm.specification.vendor" value="Oracle Corporation"/>
    <property name="java.specification.name" value="Java Platform API Specification"/>
    <property name="surefire.real.class.path" value="C:\Users\Karans\AppData\Local\Temp\surefire899440261578347057\surefirebooter-20230727121731889_3.jar"/>
    <property name="user.script" value=""/>
    <property name="sun.management.compiler" value="HotSpot 64-Bit Tiered Compilers"/>
    <property name="java.runtime.version" value="17.0.1+12-LTS-39"/>
    <property name="user.name" value="Karans"/>
    <property name="path.separator" value=";"/>
    <property name="os.version" value="10.0"/>
    <property name="java.runtime.name" value="Java(TM) SE Runtime Environment"/>
    <property name="file.encoding" value="Cp1252"/>
    <property name="java.vm.name" value="Java HotSpot(TM) 64-Bit Server VM"/>
    <property name="localRepository" value="C:\Users\Karans\.m2\repository"/>
    <property name="java.vendor.url.bug" value="https://bugreport.java.com/bugreport/"/>
    <property name="java.io.tmpdir" value="C:\Users\Karans\AppData\Local\Temp\"/>
    <property name="idea.version" value="2023.2"/>
    <property name="java.version" value="17.0.1"/>
    <property name="user.dir" value="C:\Users\Karans\Dropbox\CSD\Kurslar\JavaApp1-Mar-2023\src\Libraries\JavaLibs\SchedulerLib"/>
    <property name="os.arch" value="amd64"/>
    <property name="java.vm.specification.name" value="Java Virtual Machine Specification"/>
    <property name="sun.os.patch.level" value=""/>
    <property name="native.encoding" value="Cp1252"/>
    <property name="java.library.path" value="C:\Program Files\Java\jdk-17.0.1\bin;C:\WINDOWS\Sun\Java\bin;C:\WINDOWS\system32;C:\WINDOWS;C:\Program Files\Microsoft MPI\Bin\;C:\WINDOWS\system32;C:\WINDOWS;C:\WINDOWS\System32\Wbem;C:\WINDOWS\System32\WindowsPowerShell\v1.0\;C:\WINDOWS\System32\OpenSSH\;C:\Program Files\dotnet\;C:\Program Files\Microsoft SQL Server\130\Tools\Binn\;C:\Program Files (x86)\Microsoft SQL Server\140\Tools\Binn\;C:\Program Files\Microsoft SQL Server\140\Tools\Binn\;C:\Program Files (x86)\Microsoft SQL Server\140\DTS\Binn\;C:\Program Files\Microsoft SQL Server\140\DTS\Binn\;C:\Program Files\Microsoft SQL Server\Client SDK\ODBC\130\Tools\Binn\;C:\Program Files (x86)\Microsoft SQL Server\150\DTS\Binn\;C:\Program Files\Microsoft SQL Server\Client SDK\ODBC\170\Tools\Binn\;C:\Program Files\MongoDB\Server\4.2\bin;C:\Users\Karans\AppData\Local\bin\NASM;C:\Program Files\nodejs;C:\Program Files\Java\jdk-17.0.1\bin;C:\Users\Karans\AppData\Local\Programs\Python\Python39;C:\Users\Karans\AppData\Local\Programs\Python\Python39\Lib\idlelib;C:\Users\Karans\AppData\Roaming\npm;C:\Users\Karans\AppData\Local\Android\Sdk\platform-tools;C:\Users\Karans\AppData\Local\Android\Sdk\platform-tools;C:\Program Files\PuTTY\;C:\Program Files\nodejs\;C:\Program Files\Git LFS;C:\Program Files\MongoDB\Server\5.0\bin;C:\Users\Karans\Dropbox\CSD\WORK\grpcurl_1.8.6_windows_x86_64;C:\Users\Karans\Dropbox\CSD\WORK\protoc-3.20.1-win64\bin;C:\Program Files\Microsoft SQL Server\150\Tools\Binn\;C:\Users\Karans\Dropbox\CSD\WORK\Repositories\apache-maven-3.8.6-bin\apache-maven-3.8.6\bin;C:\Program Files\Azure Data Studio\bin;C:\Users\Karans\Desktop\DesktopDocs\mongosh-1.8.2-win32-x64\bin;C:\Program Files\PostgreSQL\12\bin;C:\Program Files\Go\bin;C:\Program Files\Git\cmd;C:\Program Files\Docker\Docker\resources\bin;C:\Users\Karans\AppData\Local\Programs\Python\Python310\Scripts\;C:\Users\Karans\AppData\Local\Programs\Python\Python310\;C:\Program Files\MySQL\MySQL Shell 8.0\bin\;C:\Users\Karans\AppData\Local\Programs\Python\Python38-32\Scripts\;C:\Users\Karans\AppData\Local\Microsoft\WindowsApps;C:\Program Files\JetBrains\IntelliJ IDEA 2019.1.2\bin;C:\Program Files\JetBrains\DataGrip 2019.1.2\bin;C:\Program Files\JetBrains\WebStorm 2019.1.2\bin;C:\Program Files\JetBrains\PyCharm 2019.1.2\bin;C:\Program Files\JetBrains\CLion 2019.3.3\bin;C:\Users\Karans\AppData\Local\Programs\Microsoft VS Code\bin;C:\Program Files\JetBrains\IntelliJ IDEA Community Edition 2020.1\bin;C:\Users\Karans\AppData\Local\GitHubDesktop\bin;C:\Program Files\Java\jdk-14.0.1\bin;C:\Program Files\JetBrains\WebStorm 2020.2\bin;C:\Program Files\JetBrains\IntelliJ IDEA Community Edition 2020.1.4\bin;C:\Program Files\JetBrains\DataGrip 2020.1.5\bin;C:\Program Files\JetBrains\PyCharm 2020.2\bin;C:\Program Files\MongoDB\Server\4.2\bin;C:\Users\Karans\AppData\Local\bin\NASM;C:\Program Files\JetBrains\IntelliJ IDEA 2020.2\bin;C:\Program Files\Java\jdk-17.0.1\bin;C:\Users\Karans\AppData\L;C:\Program Files\MongoDB\Server\4.4\bin;C:\Users\Karans\AppData\Roaming\npm;C:\Users\Karans\AppData\Local\Android\Sdk\ndk\21.0.6113669\toolchains\llvm\prebuilt\windows-x86_64\bin;C:\Users\Karans\AppData\Local\Android\Sdk\platform-tools;C:\Program Files\MongoDB\Server\5.0\bin;C:\Users\Karans\.dotnet\tools;C:\Users\Karans\Dropbox\CSD\WORK\grpcurl_1.8.6_windows_x86_64;C:\Users\Karans\Dropbox\CSD\WORK\protoc-3.20.1-win64\bin;C:\Program Files\JetBrains\JetBrains Rider 2022.1.1\bin;;C:\Users\Karans\Dropbox\CSD\WORK\Repositories\apache-maven-3.8.6-bin\apache-maven-3.8.6\bin;C:\Program Files\JetBrains\PyCharm 2022.2.3\bin;;C:\Program Files\JetBrains\IntelliJ IDEA 2022.3.1\bin;;C:\Program Files\CMake\bin;C:\Program Files\Azure Data Studio\bin;C:\Users\Karans\Desktop\DesktopDocs\mongosh-1.8.2-win32-x64\bin;C:\Program Files\PostgreSQL\12\bin;;C:\Program Files\JetBrains\GoLand 2023.1.2\bin;;C:\Users\Karans\go\bin;."/>
    <property name="java.vm.info" value="mixed mode, sharing"/>
    <property name="java.vendor" value="Oracle Corporation"/>
    <property name="java.vm.version" value="17.0.1+12-LTS-39"/>
    <property name="sun.io.unicode.encoding" value="UnicodeLittle"/>
    <property name="java.class.version" value="61.0"/>
  </properties>
  <testcase name="" classname="org.csystem.scheduler.CountDownSchedulerTimeUnitConstructorTest" time="0">
    <skipped/>
  </testcase>
</testsuite>